  [1m[35m (0.2ms)[0m  [1m[34mSELECT pg_try_advisory_lock(1087325618115650655)[0m
  [1m[35m (0.7ms)[0m  [1m[34mSELECT "schema_migrations"."version" FROM "schema_migrations" ORDER BY "schema_migrations"."version" ASC[0m
Migrating to CreateBakers (20230123201400)
  [1m[36mTRANSACTION (0.2ms)[0m  [1m[35mBEGIN[0m
  [1m[35m (187.6ms)[0m  [1m[35mCREATE TABLE "bakers" ("id" bigserial primary key, "first_name" character varying, "last_name" character varying, "email" character varying, "password_digest" character varying, "created_at" timestamp(6) NOT NULL, "updated_at" timestamp(6) NOT NULL)[0m
  [1m[36mActiveRecord::SchemaMigration Create (0.5ms)[0m  [1m[32mINSERT INTO "schema_migrations" ("version") VALUES ($1) RETURNING "version"[0m  [["version", "20230123201400"]]
  [1m[36mTRANSACTION (18.3ms)[0m  [1m[35mCOMMIT[0m
Migrating to CreateDiscounts (20230123201653)
  [1m[36mTRANSACTION (0.2ms)[0m  [1m[35mBEGIN[0m
  [1m[35m (134.0ms)[0m  [1m[35mCREATE TABLE "discounts" ("id" bigserial primary key, "name" character varying, "description" character varying, "discount_percent" float, "created_at" timestamp(6) NOT NULL, "updated_at" timestamp(6) NOT NULL)[0m
  [1m[36mActiveRecord::SchemaMigration Create (0.4ms)[0m  [1m[32mINSERT INTO "schema_migrations" ("version") VALUES ($1) RETURNING "version"[0m  [["version", "20230123201653"]]
  [1m[36mTRANSACTION (25.9ms)[0m  [1m[35mCOMMIT[0m
Migrating to CreateProducts (20230123202101)
  [1m[36mTRANSACTION (0.3ms)[0m  [1m[35mBEGIN[0m
  [1m[35m (249.4ms)[0m  [1m[35mCREATE TABLE "products" ("id" bigserial primary key, "name" character varying, "price" float, "description" character varying, "discount_id" bigint, "active" boolean, "created_at" timestamp(6) NOT NULL, "updated_at" timestamp(6) NOT NULL, CONSTRAINT "fk_rails_794aad2cea"
FOREIGN KEY ("discount_id")
  REFERENCES "discounts" ("id")
)[0m
  [1m[35m (54.4ms)[0m  [1m[35mCREATE INDEX "index_products_on_discount_id" ON "products" ("discount_id")[0m
  [1m[36mActiveRecord::SchemaMigration Create (0.4ms)[0m  [1m[32mINSERT INTO "schema_migrations" ("version") VALUES ($1) RETURNING "version"[0m  [["version", "20230123202101"]]
  [1m[36mTRANSACTION (20.7ms)[0m  [1m[35mCOMMIT[0m
Migrating to CreateProductImages (20230123202332)
  [1m[36mTRANSACTION (0.2ms)[0m  [1m[35mBEGIN[0m
  [1m[35m (129.6ms)[0m  [1m[35mCREATE TABLE "product_images" ("id" bigserial primary key, "product_id" bigint NOT NULL, "image_url" character varying, "image_public_id" character varying, "created_at" timestamp(6) NOT NULL, "updated_at" timestamp(6) NOT NULL, CONSTRAINT "fk_rails_1c991d3be6"
FOREIGN KEY ("product_id")
  REFERENCES "products" ("id")
)[0m
  [1m[35m (42.7ms)[0m  [1m[35mCREATE INDEX "index_product_images_on_product_id" ON "product_images" ("product_id")[0m
  [1m[36mActiveRecord::SchemaMigration Create (0.4ms)[0m  [1m[32mINSERT INTO "schema_migrations" ("version") VALUES ($1) RETURNING "version"[0m  [["version", "20230123202332"]]
  [1m[36mTRANSACTION (19.5ms)[0m  [1m[35mCOMMIT[0m
Migrating to CreateProductVariants (20230124142416)
  [1m[36mTRANSACTION (0.2ms)[0m  [1m[35mBEGIN[0m
  [1m[35m (110.0ms)[0m  [1m[35mCREATE TABLE "product_variants" ("id" bigserial primary key, "product_id" bigint NOT NULL, "size" character varying, "price" float, "created_at" timestamp(6) NOT NULL, "updated_at" timestamp(6) NOT NULL, CONSTRAINT "fk_rails_dae52f850b"
FOREIGN KEY ("product_id")
  REFERENCES "products" ("id")
)[0m
  [1m[35m (73.6ms)[0m  [1m[35mCREATE INDEX "index_product_variants_on_product_id" ON "product_variants" ("product_id")[0m
  [1m[36mActiveRecord::SchemaMigration Create (0.4ms)[0m  [1m[32mINSERT INTO "schema_migrations" ("version") VALUES ($1) RETURNING "version"[0m  [["version", "20230124142416"]]
  [1m[36mTRANSACTION (7.9ms)[0m  [1m[35mCOMMIT[0m
Migrating to CreateCustomers (20230124142704)
  [1m[36mTRANSACTION (0.2ms)[0m  [1m[35mBEGIN[0m
  [1m[35m (99.8ms)[0m  [1m[35mCREATE TABLE "customers" ("id" bigserial primary key, "first_name" character varying, "last_name" character varying, "email" character varying, "verified" boolean, "password_digest" character varying, "created_at" timestamp(6) NOT NULL, "updated_at" timestamp(6) NOT NULL)[0m
  [1m[36mActiveRecord::SchemaMigration Create (0.4ms)[0m  [1m[32mINSERT INTO "schema_migrations" ("version") VALUES ($1) RETURNING "version"[0m  [["version", "20230124142704"]]
  [1m[36mTRANSACTION (15.4ms)[0m  [1m[35mCOMMIT[0m
Migrating to CreateReviews (20230124142942)
  [1m[36mTRANSACTION (0.2ms)[0m  [1m[35mBEGIN[0m
  [1m[35m (107.6ms)[0m  [1m[35mCREATE TABLE "reviews" ("id" bigserial primary key, "product_id" bigint NOT NULL, "customer_id" bigint NOT NULL, "review" character varying, "created_at" timestamp(6) NOT NULL, "updated_at" timestamp(6) NOT NULL, CONSTRAINT "fk_rails_bedd9094d4"
FOREIGN KEY ("product_id")
  REFERENCES "products" ("id")
, CONSTRAINT "fk_rails_74e2428a18"
FOREIGN KEY ("customer_id")
  REFERENCES "customers" ("id")
)[0m
  [1m[35m (36.4ms)[0m  [1m[35mCREATE INDEX "index_reviews_on_product_id" ON "reviews" ("product_id")[0m
  [1m[35m (43.8ms)[0m  [1m[35mCREATE INDEX "index_reviews_on_customer_id" ON "reviews" ("customer_id")[0m
  [1m[36mActiveRecord::SchemaMigration Create (0.4ms)[0m  [1m[32mINSERT INTO "schema_migrations" ("version") VALUES ($1) RETURNING "version"[0m  [["version", "20230124142942"]]
  [1m[36mTRANSACTION (13.8ms)[0m  [1m[35mCOMMIT[0m
Migrating to CreateCarts (20230124143526)
  [1m[36mTRANSACTION (0.2ms)[0m  [1m[35mBEGIN[0m
  [1m[35m (46.7ms)[0m  [1m[35mCREATE TABLE "carts" ("id" bigserial primary key, "customer_id" bigint NOT NULL, "total" float, "active" boolean, "created_at" timestamp(6) NOT NULL, "updated_at" timestamp(6) NOT NULL, CONSTRAINT "fk_rails_e02ab95379"
FOREIGN KEY ("customer_id")
  REFERENCES "customers" ("id")
)[0m
  [1m[35m (54.2ms)[0m  [1m[35mCREATE INDEX "index_carts_on_customer_id" ON "carts" ("customer_id")[0m
  [1m[36mActiveRecord::SchemaMigration Create (0.4ms)[0m  [1m[32mINSERT INTO "schema_migrations" ("version") VALUES ($1) RETURNING "version"[0m  [["version", "20230124143526"]]
  [1m[36mTRANSACTION (24.4ms)[0m  [1m[35mCOMMIT[0m
Migrating to CreateLineItems (20230124143803)
  [1m[36mTRANSACTION (0.3ms)[0m  [1m[35mBEGIN[0m
  [1m[35m (48.4ms)[0m  [1m[35mCREATE TABLE "line_items" ("id" bigserial primary key, "cart_id" bigint NOT NULL, "product_id" bigint NOT NULL, "quantity" integer, "product_variant_id" bigint NOT NULL, "created_at" timestamp(6) NOT NULL, "updated_at" timestamp(6) NOT NULL, CONSTRAINT "fk_rails_af645e8e5f"
FOREIGN KEY ("cart_id")
  REFERENCES "carts" ("id")
, CONSTRAINT "fk_rails_11e15d5c6b"
FOREIGN KEY ("product_id")
  REFERENCES "products" ("id")
, CONSTRAINT "fk_rails_f5e38aa9c5"
FOREIGN KEY ("product_variant_id")
  REFERENCES "product_variants" ("id")
)[0m
  [1m[35m (53.4ms)[0m  [1m[35mCREATE INDEX "index_line_items_on_cart_id" ON "line_items" ("cart_id")[0m
  [1m[35m (54.8ms)[0m  [1m[35mCREATE INDEX "index_line_items_on_product_id" ON "line_items" ("product_id")[0m
  [1m[35m (69.5ms)[0m  [1m[35mCREATE INDEX "index_line_items_on_product_variant_id" ON "line_items" ("product_variant_id")[0m
  [1m[36mActiveRecord::SchemaMigration Create (0.4ms)[0m  [1m[32mINSERT INTO "schema_migrations" ("version") VALUES ($1) RETURNING "version"[0m  [["version", "20230124143803"]]
  [1m[36mTRANSACTION (7.9ms)[0m  [1m[35mCOMMIT[0m
  [1m[36mActiveRecord::InternalMetadata Load (0.4ms)[0m  [1m[34mSELECT "ar_internal_metadata".* FROM "ar_internal_metadata" WHERE "ar_internal_metadata"."key" = $1 LIMIT $2[0m  [["key", "environment"], ["LIMIT", 1]]
  [1m[35m (0.9ms)[0m  [1m[34mSELECT pg_advisory_unlock(1087325618115650655)[0m
  [1m[35m (0.7ms)[0m  [1m[34mSELECT "schema_migrations"."version" FROM "schema_migrations" ORDER BY "schema_migrations"."version" ASC[0m
  [1m[35m (0.7ms)[0m  [1m[34mSELECT "schema_migrations"."version" FROM "schema_migrations" ORDER BY "schema_migrations"."version" ASC[0m
  [1m[35m (0.3ms)[0m  [1m[34mSELECT "ar_internal_metadata"."value" FROM "ar_internal_metadata" WHERE "ar_internal_metadata"."key" = $1[0m  [["key", "environment"]]
  [1m[35m (0.3ms)[0m  [1m[34mSELECT "schema_migrations"."version" FROM "schema_migrations" ORDER BY "schema_migrations"."version" ASC[0m
  [1m[35m (0.3ms)[0m  [1m[34mSELECT "ar_internal_metadata"."value" FROM "ar_internal_metadata" WHERE "ar_internal_metadata"."key" = $1[0m  [["key", "environment"]]
  [1m[35m (0.5ms)[0m  [1m[34mSELECT "schema_migrations"."version" FROM "schema_migrations" ORDER BY "schema_migrations"."version" ASC[0m
  [1m[35m (0.6ms)[0m  [1m[34mSELECT "ar_internal_metadata"."value" FROM "ar_internal_metadata" WHERE "ar_internal_metadata"."key" = $1[0m  [["key", "environment"]]
  [1m[35m (467.8ms)[0m  [1m[35mDROP DATABASE IF EXISTS "react_rails_api_project_template_development"[0m
  [1m[35m (655.3ms)[0m  [1m[35mDROP DATABASE IF EXISTS "react_rails_api_project_template_test"[0m
  [1m[35m (1861.5ms)[0m  [1m[35mCREATE DATABASE "react_rails_api_project_template_development" ENCODING = 'unicode'[0m
  [1m[35m (888.1ms)[0m  [1m[35mCREATE DATABASE "react_rails_api_project_template_test" ENCODING = 'unicode'[0m
  [1m[35mSQL (0.3ms)[0m  [1m[35mCREATE EXTENSION IF NOT EXISTS "plpgsql"[0m
  [1m[35m (0.3ms)[0m  [1m[35mDROP TABLE IF EXISTS "artists" CASCADE[0m
  [1m[35m (112.1ms)[0m  [1m[35mCREATE TABLE "artists" ("id" bigserial primary key, "first_name" character varying, "last_name" character varying, "stage_name" character varying, "email" character varying, "verified" boolean, "password_digest" character varying, "created_at" timestamp(6) NOT NULL, "updated_at" timestamp(6) NOT NULL)[0m
  [1m[35m (0.2ms)[0m  [1m[35mDROP TABLE IF EXISTS "artists_profiles" CASCADE[0m
  [1m[35m (109.3ms)[0m  [1m[35mCREATE TABLE "artists_profiles" ("id" bigserial primary key, "artist_id" bigint NOT NULL, "artist_image" character varying, "image_public_id" character varying, "bio" text, "created_at" timestamp(6) NOT NULL, "updated_at" timestamp(6) NOT NULL)[0m
  [1m[35m (54.0ms)[0m  [1m[35mCREATE INDEX "index_artists_profiles_on_artist_id" ON "artists_profiles" ("artist_id")[0m
  [1m[35m (0.2ms)[0m  [1m[35mDROP TABLE IF EXISTS "artists_socials" CASCADE[0m
  [1m[35m (98.0ms)[0m  [1m[35mCREATE TABLE "artists_socials" ("id" bigserial primary key, "artist_id" bigint NOT NULL, "instagram" character varying, "tiktok" character varying, "twitter" character varying, "facebook" character varying, "youtube" character varying, "created_at" timestamp(6) NOT NULL, "updated_at" timestamp(6) NOT NULL)[0m
  [1m[35m (54.4ms)[0m  [1m[35mCREATE INDEX "index_artists_socials_on_artist_id" ON "artists_socials" ("artist_id")[0m
  [1m[35m (0.3ms)[0m  [1m[35mDROP TABLE IF EXISTS "bakers" CASCADE[0m
  [1m[35m (98.5ms)[0m  [1m[35mCREATE TABLE "bakers" ("id" bigserial primary key, "first_name" character varying, "last_name" character varying, "email" character varying, "password_digest" character varying, "created_at" timestamp(6) NOT NULL, "updated_at" timestamp(6) NOT NULL)[0m
  [1m[35m (0.3ms)[0m  [1m[35mDROP TABLE IF EXISTS "carts" CASCADE[0m
  [1m[35m (53.1ms)[0m  [1m[35mCREATE TABLE "carts" ("id" bigserial primary key, "customer_id" bigint NOT NULL, "total" float, "active" boolean, "created_at" timestamp(6) NOT NULL, "updated_at" timestamp(6) NOT NULL)[0m
  [1m[35m (54.5ms)[0m  [1m[35mCREATE INDEX "index_carts_on_customer_id" ON "carts" ("customer_id")[0m
  [1m[35m (0.2ms)[0m  [1m[35mDROP TABLE IF EXISTS "customers" CASCADE[0m
  [1m[35m (98.1ms)[0m  [1m[35mCREATE TABLE "customers" ("id" bigserial primary key, "first_name" character varying, "last_name" character varying, "email" character varying, "verified" boolean, "password_digest" character varying, "created_at" timestamp(6) NOT NULL, "updated_at" timestamp(6) NOT NULL)[0m
  [1m[35m (0.2ms)[0m  [1m[35mDROP TABLE IF EXISTS "discounts" CASCADE[0m
  [1m[35m (120.5ms)[0m  [1m[35mCREATE TABLE "discounts" ("id" bigserial primary key, "name" character varying, "description" character varying, "discount_percent" float, "created_at" timestamp(6) NOT NULL, "updated_at" timestamp(6) NOT NULL)[0m
  [1m[35m (0.3ms)[0m  [1m[35mDROP TABLE IF EXISTS "line_items" CASCADE[0m
  [1m[35m (75.4ms)[0m  [1m[35mCREATE TABLE "line_items" ("id" bigserial primary key, "cart_id" bigint NOT NULL, "product_id" bigint NOT NULL, "quantity" integer, "product_variant_id" bigint NOT NULL, "created_at" timestamp(6) NOT NULL, "updated_at" timestamp(6) NOT NULL)[0m
  [1m[35m (184.3ms)[0m  [1m[35mCREATE INDEX "index_line_items_on_cart_id" ON "line_items" ("cart_id")[0m
  [1m[35m (291.5ms)[0m  [1m[35mCREATE INDEX "index_line_items_on_product_id" ON "line_items" ("product_id")[0m
  [1m[35m (97.7ms)[0m  [1m[35mCREATE INDEX "index_line_items_on_product_variant_id" ON "line_items" ("product_variant_id")[0m
  [1m[35m (0.2ms)[0m  [1m[35mDROP TABLE IF EXISTS "product_images" CASCADE[0m
  [1m[35m (175.9ms)[0m  [1m[35mCREATE TABLE "product_images" ("id" bigserial primary key, "product_id" bigint NOT NULL, "image_url" character varying, "image_public_id" character varying, "created_at" timestamp(6) NOT NULL, "updated_at" timestamp(6) NOT NULL)[0m
  [1m[35m (76.7ms)[0m  [1m[35mCREATE INDEX "index_product_images_on_product_id" ON "product_images" ("product_id")[0m
  [1m[35m (0.1ms)[0m  [1m[35mDROP TABLE IF EXISTS "product_variants" CASCADE[0m
  [1m[35m (131.6ms)[0m  [1m[35mCREATE TABLE "product_variants" ("id" bigserial primary key, "product_id" bigint NOT NULL, "size" character varying, "price" float, "created_at" timestamp(6) NOT NULL, "updated_at" timestamp(6) NOT NULL)[0m
  [1m[35m (209.8ms)[0m  [1m[35mCREATE INDEX "index_product_variants_on_product_id" ON "product_variants" ("product_id")[0m
  [1m[35m (0.1ms)[0m  [1m[35mDROP TABLE IF EXISTS "products" CASCADE[0m
  [1m[35m (98.1ms)[0m  [1m[35mCREATE TABLE "products" ("id" bigserial primary key, "name" character varying, "price" float, "description" character varying, "discount_id" bigint, "active" boolean, "created_at" timestamp(6) NOT NULL, "updated_at" timestamp(6) NOT NULL)[0m
  [1m[35m (54.5ms)[0m  [1m[35mCREATE INDEX "index_products_on_discount_id" ON "products" ("discount_id")[0m
  [1m[35m (0.2ms)[0m  [1m[35mDROP TABLE IF EXISTS "project_videos" CASCADE[0m
  [1m[35m (120.6ms)[0m  [1m[35mCREATE TABLE "project_videos" ("id" bigserial primary key, "project_id" bigint NOT NULL, "video_title" character varying, "video_url" character varying, "created_at" timestamp(6) NOT NULL, "updated_at" timestamp(6) NOT NULL)[0m
  [1m[35m (65.5ms)[0m  [1m[35mCREATE INDEX "index_project_videos_on_project_id" ON "project_videos" ("project_id")[0m
  [1m[35m (0.2ms)[0m  [1m[35mDROP TABLE IF EXISTS "projects" CASCADE[0m
  [1m[35m (120.5ms)[0m  [1m[35mCREATE TABLE "projects" ("id" bigserial primary key, "artist_id" bigint NOT NULL, "title" character varying, "project_url" character varying, "cover_art" character varying, "cover_art_public_id" character varying, "created_at" timestamp(6) NOT NULL, "updated_at" timestamp(6) NOT NULL)[0m
  [1m[35m (65.7ms)[0m  [1m[35mCREATE INDEX "index_projects_on_artist_id" ON "projects" ("artist_id")[0m
  [1m[35m (0.2ms)[0m  [1m[35mDROP TABLE IF EXISTS "reviews" CASCADE[0m
  [1m[35m (122.2ms)[0m  [1m[35mCREATE TABLE "reviews" ("id" bigserial primary key, "product_id" bigint NOT NULL, "customer_id" bigint NOT NULL, "review" character varying, "created_at" timestamp(6) NOT NULL, "updated_at" timestamp(6) NOT NULL)[0m
  [1m[35m (76.7ms)[0m  [1m[35mCREATE INDEX "index_reviews_on_customer_id" ON "reviews" ("customer_id")[0m
  [1m[35m (65.7ms)[0m  [1m[35mCREATE INDEX "index_reviews_on_product_id" ON "reviews" ("product_id")[0m
  [1m[35m (32.0ms)[0m  [1m[35mALTER TABLE "artists_profiles" ADD CONSTRAINT "fk_rails_4bf08b9ecd"
FOREIGN KEY ("artist_id")
  REFERENCES "artists" ("id")
[0m
  [1m[35m (10.0ms)[0m  [1m[35mALTER TABLE "artists_socials" ADD CONSTRAINT "fk_rails_2110a920ba"
FOREIGN KEY ("artist_id")
  REFERENCES "artists" ("id")
[0m
  [1m[35m (9.9ms)[0m  [1m[35mALTER TABLE "carts" ADD CONSTRAINT "fk_rails_e02ab95379"
FOREIGN KEY ("customer_id")
  REFERENCES "customers" ("id")
[0m
  [1m[35m (10.0ms)[0m  [1m[35mALTER TABLE "line_items" ADD CONSTRAINT "fk_rails_af645e8e5f"
FOREIGN KEY ("cart_id")
  REFERENCES "carts" ("id")
[0m
  [1m[35m (9.9ms)[0m  [1m[35mALTER TABLE "line_items" ADD CONSTRAINT "fk_rails_f5e38aa9c5"
FOREIGN KEY ("product_variant_id")
  REFERENCES "product_variants" ("id")
[0m
  [1m[35m (10.0ms)[0m  [1m[35mALTER TABLE "line_items" ADD CONSTRAINT "fk_rails_11e15d5c6b"
FOREIGN KEY ("product_id")
  REFERENCES "products" ("id")
[0m
  [1m[35m (9.9ms)[0m  [1m[35mALTER TABLE "product_images" ADD CONSTRAINT "fk_rails_1c991d3be6"
FOREIGN KEY ("product_id")
  REFERENCES "products" ("id")
[0m
  [1m[35m (10.0ms)[0m  [1m[35mALTER TABLE "product_variants" ADD CONSTRAINT "fk_rails_dae52f850b"
FOREIGN KEY ("product_id")
  REFERENCES "products" ("id")
[0m
  [1m[35m (10.0ms)[0m  [1m[35mALTER TABLE "products" ADD CONSTRAINT "fk_rails_794aad2cea"
FOREIGN KEY ("discount_id")
  REFERENCES "discounts" ("id")
[0m
  [1m[35m (10.0ms)[0m  [1m[35mALTER TABLE "project_videos" ADD CONSTRAINT "fk_rails_534d61434e"
FOREIGN KEY ("project_id")
  REFERENCES "projects" ("id")
[0m
  [1m[35m (10.0ms)[0m  [1m[35mALTER TABLE "projects" ADD CONSTRAINT "fk_rails_1b9f4f5fc3"
FOREIGN KEY ("artist_id")
  REFERENCES "artists" ("id")
[0m
  [1m[35m (10.0ms)[0m  [1m[35mALTER TABLE "reviews" ADD CONSTRAINT "fk_rails_74e2428a18"
FOREIGN KEY ("customer_id")
  REFERENCES "customers" ("id")
[0m
  [1m[35m (9.9ms)[0m  [1m[35mALTER TABLE "reviews" ADD CONSTRAINT "fk_rails_bedd9094d4"
FOREIGN KEY ("product_id")
  REFERENCES "products" ("id")
[0m
  [1m[35m (120.4ms)[0m  [1m[35mCREATE TABLE "schema_migrations" ("version" character varying NOT NULL PRIMARY KEY)[0m
  [1m[35m (0.4ms)[0m  [1m[34mSELECT "schema_migrations"."version" FROM "schema_migrations" ORDER BY "schema_migrations"."version" ASC[0m
  [1m[35m (7.6ms)[0m  [1m[32mINSERT INTO "schema_migrations" (version) VALUES (20230124143803)[0m
  [1m[35m (10.2ms)[0m  [1m[32mINSERT INTO "schema_migrations" (version) VALUES
(20230123201400),
(20230123201653),
(20230123202101),
(20230123202332),
(20230124142416),
(20230124142704),
(20230124142942),
(20230124143526);

[0m
  [1m[35m (120.8ms)[0m  [1m[35mCREATE TABLE "ar_internal_metadata" ("key" character varying NOT NULL PRIMARY KEY, "value" character varying, "created_at" timestamp(6) NOT NULL, "updated_at" timestamp(6) NOT NULL)[0m
  [1m[36mActiveRecord::InternalMetadata Load (0.3ms)[0m  [1m[34mSELECT "ar_internal_metadata".* FROM "ar_internal_metadata" WHERE "ar_internal_metadata"."key" = $1 LIMIT $2[0m  [["key", "environment"], ["LIMIT", 1]]
  [1m[36mTRANSACTION (0.1ms)[0m  [1m[35mBEGIN[0m
  [1m[36mActiveRecord::InternalMetadata Create (7.1ms)[0m  [1m[32mINSERT INTO "ar_internal_metadata" ("key", "value", "created_at", "updated_at") VALUES ($1, $2, $3, $4) RETURNING "key"[0m  [["key", "environment"], ["value", "development"], ["created_at", "2023-01-24 14:48:41.187747"], ["updated_at", "2023-01-24 14:48:41.187747"]]
  [1m[36mTRANSACTION (21.9ms)[0m  [1m[35mCOMMIT[0m
  [1m[36mActiveRecord::InternalMetadata Load (0.2ms)[0m  [1m[34mSELECT "ar_internal_metadata".* FROM "ar_internal_metadata" WHERE "ar_internal_metadata"."key" = $1 LIMIT $2[0m  [["key", "environment"], ["LIMIT", 1]]
  [1m[36mActiveRecord::InternalMetadata Load (0.2ms)[0m  [1m[34mSELECT "ar_internal_metadata".* FROM "ar_internal_metadata" WHERE "ar_internal_metadata"."key" = $1 LIMIT $2[0m  [["key", "schema_sha1"], ["LIMIT", 1]]
  [1m[36mTRANSACTION (0.1ms)[0m  [1m[35mBEGIN[0m
  [1m[36mActiveRecord::InternalMetadata Create (0.2ms)[0m  [1m[32mINSERT INTO "ar_internal_metadata" ("key", "value", "created_at", "updated_at") VALUES ($1, $2, $3, $4) RETURNING "key"[0m  [["key", "schema_sha1"], ["value", "7f90329dbda835629438199d7275a95090514793"], ["created_at", "2023-01-24 14:48:41.229791"], ["updated_at", "2023-01-24 14:48:41.229791"]]
  [1m[36mTRANSACTION (4.1ms)[0m  [1m[35mCOMMIT[0m
  [1m[35mSQL (0.5ms)[0m  [1m[35mCREATE EXTENSION IF NOT EXISTS "plpgsql"[0m
  [1m[35m (0.2ms)[0m  [1m[35mDROP TABLE IF EXISTS "artists" CASCADE[0m
  [1m[35m (126.3ms)[0m  [1m[35mCREATE TABLE "artists" ("id" bigserial primary key, "first_name" character varying, "last_name" character varying, "stage_name" character varying, "email" character varying, "verified" boolean, "password_digest" character varying, "created_at" timestamp(6) NOT NULL, "updated_at" timestamp(6) NOT NULL)[0m
  [1m[35m (0.2ms)[0m  [1m[35mDROP TABLE IF EXISTS "artists_profiles" CASCADE[0m
  [1m[35m (187.1ms)[0m  [1m[35mCREATE TABLE "artists_profiles" ("id" bigserial primary key, "artist_id" bigint NOT NULL, "artist_image" character varying, "image_public_id" character varying, "bio" text, "created_at" timestamp(6) NOT NULL, "updated_at" timestamp(6) NOT NULL)[0m
  [1m[35m (103.6ms)[0m  [1m[35mCREATE INDEX "index_artists_profiles_on_artist_id" ON "artists_profiles" ("artist_id")[0m
  [1m[35m (0.2ms)[0m  [1m[35mDROP TABLE IF EXISTS "artists_socials" CASCADE[0m
  [1m[35m (182.1ms)[0m  [1m[35mCREATE TABLE "artists_socials" ("id" bigserial primary key, "artist_id" bigint NOT NULL, "instagram" character varying, "tiktok" character varying, "twitter" character varying, "facebook" character varying, "youtube" character varying, "created_at" timestamp(6) NOT NULL, "updated_at" timestamp(6) NOT NULL)[0m
  [1m[35m (76.7ms)[0m  [1m[35mCREATE INDEX "index_artists_socials_on_artist_id" ON "artists_socials" ("artist_id")[0m
  [1m[35m (0.2ms)[0m  [1m[35mDROP TABLE IF EXISTS "bakers" CASCADE[0m
  [1m[35m (120.1ms)[0m  [1m[35mCREATE TABLE "bakers" ("id" bigserial primary key, "first_name" character varying, "last_name" character varying, "email" character varying, "password_digest" character varying, "created_at" timestamp(6) NOT NULL, "updated_at" timestamp(6) NOT NULL)[0m
  [1m[35m (0.3ms)[0m  [1m[35mDROP TABLE IF EXISTS "carts" CASCADE[0m
  [1m[35m (119.9ms)[0m  [1m[35mCREATE TABLE "carts" ("id" bigserial primary key, "customer_id" bigint NOT NULL, "total" float, "active" boolean, "created_at" timestamp(6) NOT NULL, "updated_at" timestamp(6) NOT NULL)[0m
  [1m[35m (154.9ms)[0m  [1m[35mCREATE INDEX "index_carts_on_customer_id" ON "carts" ("customer_id")[0m
  [1m[35m (0.2ms)[0m  [1m[35mDROP TABLE IF EXISTS "customers" CASCADE[0m
  [1m[35m (131.4ms)[0m  [1m[35mCREATE TABLE "customers" ("id" bigserial primary key, "first_name" character varying, "last_name" character varying, "email" character varying, "verified" boolean, "password_digest" character varying, "created_at" timestamp(6) NOT NULL, "updated_at" timestamp(6) NOT NULL)[0m
  [1m[35m (0.3ms)[0m  [1m[35mDROP TABLE IF EXISTS "discounts" CASCADE[0m
  [1m[35m (108.9ms)[0m  [1m[35mCREATE TABLE "discounts" ("id" bigserial primary key, "name" character varying, "description" character varying, "discount_percent" float, "created_at" timestamp(6) NOT NULL, "updated_at" timestamp(6) NOT NULL)[0m
  [1m[35m (0.2ms)[0m  [1m[35mDROP TABLE IF EXISTS "line_items" CASCADE[0m
  [1m[35m (64.8ms)[0m  [1m[35mCREATE TABLE "line_items" ("id" bigserial primary key, "cart_id" bigint NOT NULL, "product_id" bigint NOT NULL, "quantity" integer, "product_variant_id" bigint NOT NULL, "created_at" timestamp(6) NOT NULL, "updated_at" timestamp(6) NOT NULL)[0m
  [1m[35m (65.8ms)[0m  [1m[35mCREATE INDEX "index_line_items_on_cart_id" ON "line_items" ("cart_id")[0m
  [1m[35m (65.7ms)[0m  [1m[35mCREATE INDEX "index_line_items_on_product_id" ON "line_items" ("product_id")[0m
  [1m[35m (87.9ms)[0m  [1m[35mCREATE INDEX "index_line_items_on_product_variant_id" ON "line_items" ("product_variant_id")[0m
  [1m[35m (0.1ms)[0m  [1m[35mDROP TABLE IF EXISTS "product_images" CASCADE[0m
  [1m[35m (98.3ms)[0m  [1m[35mCREATE TABLE "product_images" ("id" bigserial primary key, "product_id" bigint NOT NULL, "image_url" character varying, "image_public_id" character varying, "created_at" timestamp(6) NOT NULL, "updated_at" timestamp(6) NOT NULL)[0m
  [1m[35m (65.6ms)[0m  [1m[35mCREATE INDEX "index_product_images_on_product_id" ON "product_images" ("product_id")[0m
  [1m[35m (0.3ms)[0m  [1m[35mDROP TABLE IF EXISTS "product_variants" CASCADE[0m
  [1m[35m (97.7ms)[0m  [1m[35mCREATE TABLE "product_variants" ("id" bigserial primary key, "product_id" bigint NOT NULL, "size" character varying, "price" float, "created_at" timestamp(6) NOT NULL, "updated_at" timestamp(6) NOT NULL)[0m
  [1m[35m (65.6ms)[0m  [1m[35mCREATE INDEX "index_product_variants_on_product_id" ON "product_variants" ("product_id")[0m
  [1m[35m (0.3ms)[0m  [1m[35mDROP TABLE IF EXISTS "products" CASCADE[0m
  [1m[35m (131.2ms)[0m  [1m[35mCREATE TABLE "products" ("id" bigserial primary key, "name" character varying, "price" float, "description" character varying, "discount_id" bigint, "active" boolean, "created_at" timestamp(6) NOT NULL, "updated_at" timestamp(6) NOT NULL)[0m
  [1m[35m (65.6ms)[0m  [1m[35mCREATE INDEX "index_products_on_discount_id" ON "products" ("discount_id")[0m
  [1m[35m (0.2ms)[0m  [1m[35mDROP TABLE IF EXISTS "project_videos" CASCADE[0m
  [1m[35m (120.1ms)[0m  [1m[35mCREATE TABLE "project_videos" ("id" bigserial primary key, "project_id" bigint NOT NULL, "video_title" character varying, "video_url" character varying, "created_at" timestamp(6) NOT NULL, "updated_at" timestamp(6) NOT NULL)[0m
  [1m[35m (65.7ms)[0m  [1m[35mCREATE INDEX "index_project_videos_on_project_id" ON "project_videos" ("project_id")[0m
  [1m[35m (0.2ms)[0m  [1m[35mDROP TABLE IF EXISTS "projects" CASCADE[0m
  [1m[35m (131.2ms)[0m  [1m[35mCREATE TABLE "projects" ("id" bigserial primary key, "artist_id" bigint NOT NULL, "title" character varying, "project_url" character varying, "cover_art" character varying, "cover_art_public_id" character varying, "created_at" timestamp(6) NOT NULL, "updated_at" timestamp(6) NOT NULL)[0m
  [1m[35m (76.7ms)[0m  [1m[35mCREATE INDEX "index_projects_on_artist_id" ON "projects" ("artist_id")[0m
  [1m[35m (0.2ms)[0m  [1m[35mDROP TABLE IF EXISTS "reviews" CASCADE[0m
  [1m[35m (109.0ms)[0m  [1m[35mCREATE TABLE "reviews" ("id" bigserial primary key, "product_id" bigint NOT NULL, "customer_id" bigint NOT NULL, "review" character varying, "created_at" timestamp(6) NOT NULL, "updated_at" timestamp(6) NOT NULL)[0m
  [1m[35m (65.6ms)[0m  [1m[35mCREATE INDEX "index_reviews_on_customer_id" ON "reviews" ("customer_id")[0m
  [1m[35m (65.8ms)[0m  [1m[35mCREATE INDEX "index_reviews_on_product_id" ON "reviews" ("product_id")[0m
  [1m[35m (9.9ms)[0m  [1m[35mALTER TABLE "artists_profiles" ADD CONSTRAINT "fk_rails_4bf08b9ecd"
FOREIGN KEY ("artist_id")
  REFERENCES "artists" ("id")
[0m
  [1m[35m (9.9ms)[0m  [1m[35mALTER TABLE "artists_socials" ADD CONSTRAINT "fk_rails_2110a920ba"
FOREIGN KEY ("artist_id")
  REFERENCES "artists" ("id")
[0m
  [1m[35m (9.9ms)[0m  [1m[35mALTER TABLE "carts" ADD CONSTRAINT "fk_rails_e02ab95379"
FOREIGN KEY ("customer_id")
  REFERENCES "customers" ("id")
[0m
  [1m[35m (9.9ms)[0m  [1m[35mALTER TABLE "line_items" ADD CONSTRAINT "fk_rails_af645e8e5f"
FOREIGN KEY ("cart_id")
  REFERENCES "carts" ("id")
[0m
  [1m[35m (10.0ms)[0m  [1m[35mALTER TABLE "line_items" ADD CONSTRAINT "fk_rails_f5e38aa9c5"
FOREIGN KEY ("product_variant_id")
  REFERENCES "product_variants" ("id")
[0m
  [1m[35m (9.9ms)[0m  [1m[35mALTER TABLE "line_items" ADD CONSTRAINT "fk_rails_11e15d5c6b"
FOREIGN KEY ("product_id")
  REFERENCES "products" ("id")
[0m
  [1m[35m (9.8ms)[0m  [1m[35mALTER TABLE "product_images" ADD CONSTRAINT "fk_rails_1c991d3be6"
FOREIGN KEY ("product_id")
  REFERENCES "products" ("id")
[0m
  [1m[35m (10.1ms)[0m  [1m[35mALTER TABLE "product_variants" ADD CONSTRAINT "fk_rails_dae52f850b"
FOREIGN KEY ("product_id")
  REFERENCES "products" ("id")
[0m
  [1m[35m (9.9ms)[0m  [1m[35mALTER TABLE "products" ADD CONSTRAINT "fk_rails_794aad2cea"
FOREIGN KEY ("discount_id")
  REFERENCES "discounts" ("id")
[0m
  [1m[35m (9.8ms)[0m  [1m[35mALTER TABLE "project_videos" ADD CONSTRAINT "fk_rails_534d61434e"
FOREIGN KEY ("project_id")
  REFERENCES "projects" ("id")
[0m
  [1m[35m (10.0ms)[0m  [1m[35mALTER TABLE "projects" ADD CONSTRAINT "fk_rails_1b9f4f5fc3"
FOREIGN KEY ("artist_id")
  REFERENCES "artists" ("id")
[0m
  [1m[35m (10.0ms)[0m  [1m[35mALTER TABLE "reviews" ADD CONSTRAINT "fk_rails_74e2428a18"
FOREIGN KEY ("customer_id")
  REFERENCES "customers" ("id")
[0m
  [1m[35m (9.9ms)[0m  [1m[35mALTER TABLE "reviews" ADD CONSTRAINT "fk_rails_bedd9094d4"
FOREIGN KEY ("product_id")
  REFERENCES "products" ("id")
[0m
  [1m[35m (164.8ms)[0m  [1m[35mCREATE TABLE "schema_migrations" ("version" character varying NOT NULL PRIMARY KEY)[0m
  [1m[35m (0.4ms)[0m  [1m[34mSELECT "schema_migrations"."version" FROM "schema_migrations" ORDER BY "schema_migrations"."version" ASC[0m
  [1m[35m (7.8ms)[0m  [1m[32mINSERT INTO "schema_migrations" (version) VALUES (20230124143803)[0m
  [1m[35m (10.2ms)[0m  [1m[32mINSERT INTO "schema_migrations" (version) VALUES
(20230123201400),
(20230123201653),
(20230123202101),
(20230123202332),
(20230124142416),
(20230124142704),
(20230124142942),
(20230124143526);

[0m
  [1m[35m (131.8ms)[0m  [1m[35mCREATE TABLE "ar_internal_metadata" ("key" character varying NOT NULL PRIMARY KEY, "value" character varying, "created_at" timestamp(6) NOT NULL, "updated_at" timestamp(6) NOT NULL)[0m
  [1m[36mActiveRecord::InternalMetadata Load (0.3ms)[0m  [1m[34mSELECT "ar_internal_metadata".* FROM "ar_internal_metadata" WHERE "ar_internal_metadata"."key" = $1 LIMIT $2[0m  [["key", "environment"], ["LIMIT", 1]]
  [1m[36mTRANSACTION (0.1ms)[0m  [1m[35mBEGIN[0m
  [1m[36mActiveRecord::InternalMetadata Create (0.7ms)[0m  [1m[32mINSERT INTO "ar_internal_metadata" ("key", "value", "created_at", "updated_at") VALUES ($1, $2, $3, $4) RETURNING "key"[0m  [["key", "environment"], ["value", "development"], ["created_at", "2023-01-24 14:48:44.521854"], ["updated_at", "2023-01-24 14:48:44.521854"]]
  [1m[36mTRANSACTION (12.6ms)[0m  [1m[35mCOMMIT[0m
  [1m[36mActiveRecord::InternalMetadata Load (0.2ms)[0m  [1m[34mSELECT "ar_internal_metadata".* FROM "ar_internal_metadata" WHERE "ar_internal_metadata"."key" = $1 LIMIT $2[0m  [["key", "environment"], ["LIMIT", 1]]
  [1m[36mTRANSACTION (0.1ms)[0m  [1m[35mBEGIN[0m
  [1m[36mActiveRecord::InternalMetadata Update (0.2ms)[0m  [1m[33mUPDATE "ar_internal_metadata" SET "value" = $1, "updated_at" = $2 WHERE "ar_internal_metadata"."key" = $3[0m  [["value", "test"], ["updated_at", "2023-01-24 14:48:44.544025"], ["key", "environment"]]
  [1m[36mTRANSACTION (5.5ms)[0m  [1m[35mCOMMIT[0m
  [1m[36mActiveRecord::InternalMetadata Load (0.3ms)[0m  [1m[34mSELECT "ar_internal_metadata".* FROM "ar_internal_metadata" WHERE "ar_internal_metadata"."key" = $1 LIMIT $2[0m  [["key", "schema_sha1"], ["LIMIT", 1]]
  [1m[36mTRANSACTION (0.2ms)[0m  [1m[35mBEGIN[0m
  [1m[36mActiveRecord::InternalMetadata Create (0.3ms)[0m  [1m[32mINSERT INTO "ar_internal_metadata" ("key", "value", "created_at", "updated_at") VALUES ($1, $2, $3, $4) RETURNING "key"[0m  [["key", "schema_sha1"], ["value", "7f90329dbda835629438199d7275a95090514793"], ["created_at", "2023-01-24 14:48:44.555496"], ["updated_at", "2023-01-24 14:48:44.555496"]]
  [1m[36mTRANSACTION (5.0ms)[0m  [1m[35mCOMMIT[0m
  [1m[35m (0.7ms)[0m  [1m[34mSELECT "schema_migrations"."version" FROM "schema_migrations" ORDER BY "schema_migrations"."version" ASC[0m
  [1m[35m (0.2ms)[0m  [1m[34mSELECT pg_try_advisory_lock(1087325618115650655)[0m
  [1m[35m (0.6ms)[0m  [1m[34mSELECT "schema_migrations"."version" FROM "schema_migrations" ORDER BY "schema_migrations"."version" ASC[0m
  [1m[36mActiveRecord::InternalMetadata Load (0.3ms)[0m  [1m[34mSELECT "ar_internal_metadata".* FROM "ar_internal_metadata" WHERE "ar_internal_metadata"."key" = $1 LIMIT $2[0m  [["key", "environment"], ["LIMIT", 1]]
  [1m[35m (0.3ms)[0m  [1m[34mSELECT pg_advisory_unlock(1087325618115650655)[0m
  [1m[35m (0.6ms)[0m  [1m[34mSELECT "schema_migrations"."version" FROM "schema_migrations" ORDER BY "schema_migrations"."version" ASC[0m
  [1m[35m (0.4ms)[0m  [1m[34mSELECT "schema_migrations"."version" FROM "schema_migrations" ORDER BY "schema_migrations"."version" ASC[0m
  [1m[35m (0.3ms)[0m  [1m[34mSELECT "ar_internal_metadata"."value" FROM "ar_internal_metadata" WHERE "ar_internal_metadata"."key" = $1[0m  [["key", "environment"]]
  [1m[35m (0.2ms)[0m  [1m[34mSELECT "schema_migrations"."version" FROM "schema_migrations" ORDER BY "schema_migrations"."version" ASC[0m
  [1m[35m (0.2ms)[0m  [1m[34mSELECT "ar_internal_metadata"."value" FROM "ar_internal_metadata" WHERE "ar_internal_metadata"."key" = $1[0m  [["key", "environment"]]
  [1m[35m (0.2ms)[0m  [1m[34mSELECT "schema_migrations"."version" FROM "schema_migrations" ORDER BY "schema_migrations"."version" ASC[0m
  [1m[35m (0.2ms)[0m  [1m[34mSELECT "ar_internal_metadata"."value" FROM "ar_internal_metadata" WHERE "ar_internal_metadata"."key" = $1[0m  [["key", "environment"]]
  [1m[35m (684.4ms)[0m  [1m[35mDROP DATABASE IF EXISTS "react_rails_api_project_template_development"[0m
  [1m[35m (899.5ms)[0m  [1m[35mCREATE DATABASE "react_rails_api_project_template_development" ENCODING = 'unicode'[0m
  [1m[35m (321.9ms)[0m  [1m[35mDROP DATABASE IF EXISTS "react_rails_api_project_template_test"[0m
  [1m[35m (910.8ms)[0m  [1m[35mCREATE DATABASE "react_rails_api_project_template_test" ENCODING = 'unicode'[0m
  [1m[35m (0.4ms)[0m  [1m[35mCREATE DATABASE "react_rails_api_project_template_development" ENCODING = 'unicode'[0m
  [1m[35m (0.5ms)[0m  [1m[35mCREATE DATABASE "react_rails_api_project_template_test" ENCODING = 'unicode'[0m
  [1m[35m (139.4ms)[0m  [1m[35mCREATE TABLE "schema_migrations" ("version" character varying NOT NULL PRIMARY KEY)[0m
  [1m[35m (143.1ms)[0m  [1m[35mCREATE TABLE "ar_internal_metadata" ("key" character varying NOT NULL PRIMARY KEY, "value" character varying, "created_at" timestamp(6) NOT NULL, "updated_at" timestamp(6) NOT NULL)[0m
  [1m[35m (0.2ms)[0m  [1m[34mSELECT pg_try_advisory_lock(1087325618115650655)[0m
  [1m[35m (0.5ms)[0m  [1m[34mSELECT "schema_migrations"."version" FROM "schema_migrations" ORDER BY "schema_migrations"."version" ASC[0m
Migrating to CreateBakers (20230123201400)
  [1m[36mTRANSACTION (0.2ms)[0m  [1m[35mBEGIN[0m
  [1m[35m (118.9ms)[0m  [1m[35mCREATE TABLE "bakers" ("id" bigserial primary key, "first_name" character varying, "last_name" character varying, "email" character varying, "password_digest" character varying, "created_at" timestamp(6) NOT NULL, "updated_at" timestamp(6) NOT NULL)[0m
  [1m[36mActiveRecord::SchemaMigration Create (0.5ms)[0m  [1m[32mINSERT INTO "schema_migrations" ("version") VALUES ($1) RETURNING "version"[0m  [["version", "20230123201400"]]
  [1m[36mTRANSACTION (13.8ms)[0m  [1m[35mCOMMIT[0m
Migrating to CreateDiscounts (20230123201653)
  [1m[36mTRANSACTION (0.2ms)[0m  [1m[35mBEGIN[0m
  [1m[35m (86.3ms)[0m  [1m[35mCREATE TABLE "discounts" ("id" bigserial primary key, "name" character varying, "description" character varying, "discount_percent" float, "created_at" timestamp(6) NOT NULL, "updated_at" timestamp(6) NOT NULL)[0m
  [1m[36mActiveRecord::SchemaMigration Create (0.4ms)[0m  [1m[32mINSERT INTO "schema_migrations" ("version") VALUES ($1) RETURNING "version"[0m  [["version", "20230123201653"]]
  [1m[36mTRANSACTION (18.1ms)[0m  [1m[35mCOMMIT[0m
Migrating to CreateProducts (20230123202101)
  [1m[36mTRANSACTION (0.3ms)[0m  [1m[35mBEGIN[0m
  [1m[35m (132.0ms)[0m  [1m[35mCREATE TABLE "products" ("id" bigserial primary key, "name" character varying, "price" float, "description" character varying, "discount_id" bigint, "active" boolean, "created_at" timestamp(6) NOT NULL, "updated_at" timestamp(6) NOT NULL, CONSTRAINT "fk_rails_794aad2cea"
FOREIGN KEY ("discount_id")
  REFERENCES "discounts" ("id")
)[0m
  [1m[35m (53.9ms)[0m  [1m[35mCREATE INDEX "index_products_on_discount_id" ON "products" ("discount_id")[0m
  [1m[36mActiveRecord::SchemaMigration Create (0.4ms)[0m  [1m[32mINSERT INTO "schema_migrations" ("version") VALUES ($1) RETURNING "version"[0m  [["version", "20230123202101"]]
  [1m[36mTRANSACTION (17.1ms)[0m  [1m[35mCOMMIT[0m
Migrating to CreateProductImages (20230123202332)
  [1m[36mTRANSACTION (0.2ms)[0m  [1m[35mBEGIN[0m
  [1m[35m (107.8ms)[0m  [1m[35mCREATE TABLE "product_images" ("id" bigserial primary key, "product_id" bigint NOT NULL, "image_url" character varying, "image_public_id" character varying, "created_at" timestamp(6) NOT NULL, "updated_at" timestamp(6) NOT NULL, CONSTRAINT "fk_rails_1c991d3be6"
FOREIGN KEY ("product_id")
  REFERENCES "products" ("id")
)[0m
  [1m[35m (56.9ms)[0m  [1m[35mCREATE INDEX "index_product_images_on_product_id" ON "product_images" ("product_id")[0m
  [1m[36mActiveRecord::SchemaMigration Create (0.3ms)[0m  [1m[32mINSERT INTO "schema_migrations" ("version") VALUES ($1) RETURNING "version"[0m  [["version", "20230123202332"]]
  [1m[36mTRANSACTION (15.5ms)[0m  [1m[35mCOMMIT[0m
Migrating to CreateProductVariants (20230124142416)
  [1m[36mTRANSACTION (0.2ms)[0m  [1m[35mBEGIN[0m
  [1m[35m (111.6ms)[0m  [1m[35mCREATE TABLE "product_variants" ("id" bigserial primary key, "product_id" bigint NOT NULL, "size" character varying, "price" float, "created_at" timestamp(6) NOT NULL, "updated_at" timestamp(6) NOT NULL, CONSTRAINT "fk_rails_dae52f850b"
FOREIGN KEY ("product_id")
  REFERENCES "products" ("id")
)[0m
  [1m[35m (72.5ms)[0m  [1m[35mCREATE INDEX "index_product_variants_on_product_id" ON "product_variants" ("product_id")[0m
  [1m[36mActiveRecord::SchemaMigration Create (0.4ms)[0m  [1m[32mINSERT INTO "schema_migrations" ("version") VALUES ($1) RETURNING "version"[0m  [["version", "20230124142416"]]
  [1m[36mTRANSACTION (7.9ms)[0m  [1m[35mCOMMIT[0m
Migrating to CreateCustomers (20230124142704)
  [1m[36mTRANSACTION (0.2ms)[0m  [1m[35mBEGIN[0m
  [1m[35m (101.3ms)[0m  [1m[35mCREATE TABLE "customers" ("id" bigserial primary key, "first_name" character varying, "last_name" character varying, "email" character varying, "verified" boolean, "password_digest" character varying, "created_at" timestamp(6) NOT NULL, "updated_at" timestamp(6) NOT NULL)[0m
  [1m[36mActiveRecord::SchemaMigration Create (0.4ms)[0m  [1m[32mINSERT INTO "schema_migrations" ("version") VALUES ($1) RETURNING "version"[0m  [["version", "20230124142704"]]
  [1m[36mTRANSACTION (14.3ms)[0m  [1m[35mCOMMIT[0m
Migrating to CreateReviews (20230124142942)
  [1m[36mTRANSACTION (0.2ms)[0m  [1m[35mBEGIN[0m
  [1m[35m (128.7ms)[0m  [1m[35mCREATE TABLE "reviews" ("id" bigserial primary key, "product_id" bigint NOT NULL, "customer_id" bigint NOT NULL, "review" character varying, "created_at" timestamp(6) NOT NULL, "updated_at" timestamp(6) NOT NULL, CONSTRAINT "fk_rails_bedd9094d4"
FOREIGN KEY ("product_id")
  REFERENCES "products" ("id")
, CONSTRAINT "fk_rails_74e2428a18"
FOREIGN KEY ("customer_id")
  REFERENCES "customers" ("id")
)[0m
  [1m[35m (74.6ms)[0m  [1m[35mCREATE INDEX "index_reviews_on_product_id" ON "reviews" ("product_id")[0m
  [1m[35m (111.2ms)[0m  [1m[35mCREATE INDEX "index_reviews_on_customer_id" ON "reviews" ("customer_id")[0m
  [1m[36mActiveRecord::SchemaMigration Create (0.4ms)[0m  [1m[32mINSERT INTO "schema_migrations" ("version") VALUES ($1) RETURNING "version"[0m  [["version", "20230124142942"]]
  [1m[36mTRANSACTION (67.6ms)[0m  [1m[35mCOMMIT[0m
Migrating to CreateCarts (20230124143526)
  [1m[36mTRANSACTION (0.3ms)[0m  [1m[35mBEGIN[0m
  [1m[35m (116.5ms)[0m  [1m[35mCREATE TABLE "carts" ("id" bigserial primary key, "customer_id" bigint NOT NULL, "total" float, "active" boolean, "created_at" timestamp(6) NOT NULL, "updated_at" timestamp(6) NOT NULL, CONSTRAINT "fk_rails_e02ab95379"
FOREIGN KEY ("customer_id")
  REFERENCES "customers" ("id")
)[0m
  [1m[35m (54.4ms)[0m  [1m[35mCREATE INDEX "index_carts_on_customer_id" ON "carts" ("customer_id")[0m
  [1m[36mActiveRecord::SchemaMigration Create (0.4ms)[0m  [1m[32mINSERT INTO "schema_migrations" ("version") VALUES ($1) RETURNING "version"[0m  [["version", "20230124143526"]]
  [1m[36mTRANSACTION (21.8ms)[0m  [1m[35mCOMMIT[0m
Migrating to CreateLineItems (20230124143803)
  [1m[36mTRANSACTION (0.3ms)[0m  [1m[35mBEGIN[0m
  [1m[35m (62.4ms)[0m  [1m[35mCREATE TABLE "line_items" ("id" bigserial primary key, "cart_id" bigint NOT NULL, "product_id" bigint NOT NULL, "quantity" integer, "product_variant_id" bigint NOT NULL, "created_at" timestamp(6) NOT NULL, "updated_at" timestamp(6) NOT NULL, CONSTRAINT "fk_rails_af645e8e5f"
FOREIGN KEY ("cart_id")
  REFERENCES "carts" ("id")
, CONSTRAINT "fk_rails_11e15d5c6b"
FOREIGN KEY ("product_id")
  REFERENCES "products" ("id")
, CONSTRAINT "fk_rails_f5e38aa9c5"
FOREIGN KEY ("product_variant_id")
  REFERENCES "product_variants" ("id")
)[0m
  [1m[35m (53.7ms)[0m  [1m[35mCREATE INDEX "index_line_items_on_cart_id" ON "line_items" ("cart_id")[0m
  [1m[35m (54.8ms)[0m  [1m[35mCREATE INDEX "index_line_items_on_product_id" ON "line_items" ("product_id")[0m
  [1m[35m (67.5ms)[0m  [1m[35mCREATE INDEX "index_line_items_on_product_variant_id" ON "line_items" ("product_variant_id")[0m
  [1m[36mActiveRecord::SchemaMigration Create (0.4ms)[0m  [1m[32mINSERT INTO "schema_migrations" ("version") VALUES ($1) RETURNING "version"[0m  [["version", "20230124143803"]]
  [1m[36mTRANSACTION (7.3ms)[0m  [1m[35mCOMMIT[0m
  [1m[36mActiveRecord::InternalMetadata Load (0.4ms)[0m  [1m[34mSELECT "ar_internal_metadata".* FROM "ar_internal_metadata" WHERE "ar_internal_metadata"."key" = $1 LIMIT $2[0m  [["key", "environment"], ["LIMIT", 1]]
  [1m[36mTRANSACTION (0.2ms)[0m  [1m[35mBEGIN[0m
  [1m[36mActiveRecord::InternalMetadata Create (0.7ms)[0m  [1m[32mINSERT INTO "ar_internal_metadata" ("key", "value", "created_at", "updated_at") VALUES ($1, $2, $3, $4) RETURNING "key"[0m  [["key", "environment"], ["value", "development"], ["created_at", "2023-01-24 14:52:19.750339"], ["updated_at", "2023-01-24 14:52:19.750339"]]
  [1m[36mTRANSACTION (8.1ms)[0m  [1m[35mCOMMIT[0m
  [1m[35m (0.6ms)[0m  [1m[34mSELECT pg_advisory_unlock(1087325618115650655)[0m
  [1m[35m (0.5ms)[0m  [1m[34mSELECT "schema_migrations"."version" FROM "schema_migrations" ORDER BY "schema_migrations"."version" ASC[0m
